[INFO  - 2016-01-28T16:36:34.933Z] GhostDriver - Main - running on port 2591
[INFO  - 2016-01-28T16:36:35.433Z] Session [4bc45330-c5dd-11e5-9a48-595856c4c269] - page.settings - {"XSSAuditingEnabled":false,"javascriptCanCloseWindows":true,"javascriptCanOpenWindows":true,"javascriptEnabled":true,"loadImages":true,"localToRemoteUrlAccessEnabled":false,"userAgent":"Mozilla/5.0 (Macintosh; Intel Mac OS X) AppleWebKit/538.1 (KHTML, like Gecko) PhantomJS/2.0.0 Safari/538.1","webSecurityEnabled":true}
[INFO  - 2016-01-28T16:36:35.433Z] Session [4bc45330-c5dd-11e5-9a48-595856c4c269] - page.customHeaders:  - {}
[INFO  - 2016-01-28T16:36:35.433Z] Session [4bc45330-c5dd-11e5-9a48-595856c4c269] - Session.negotiatedCapabilities - {"browserName":"phantomjs","version":"2.0.0","driverName":"ghostdriver","driverVersion":"1.2.0","platform":"mac-unknown-64bit","javascriptEnabled":true,"takesScreenshot":true,"handlesAlerts":false,"databaseEnabled":false,"locationContextEnabled":false,"applicationCacheEnabled":false,"browserConnectionEnabled":false,"cssSelectorsEnabled":true,"webStorageEnabled":false,"rotatable":false,"acceptSslCerts":false,"nativeEvents":true,"proxy":{"proxyType":"direct"}}
[INFO  - 2016-01-28T16:36:35.433Z] SessionManagerReqHand - _postNewSessionCommand - New Session Created: 4bc45330-c5dd-11e5-9a48-595856c4c269
[INFO  - 2016-01-28T16:36:38.061Z] ShutdownReqHand - _handle - About to shutdown
[INFO  - 2016-01-28T16:36:46.869Z] GhostDriver - Main - running on port 14745
[INFO  - 2016-01-28T16:36:47.163Z] Session [52c25560-c5dd-11e5-b44c-5b12761621e2] - page.settings - {"XSSAuditingEnabled":false,"javascriptCanCloseWindows":true,"javascriptCanOpenWindows":true,"javascriptEnabled":true,"loadImages":true,"localToRemoteUrlAccessEnabled":false,"userAgent":"Mozilla/5.0 (Macintosh; Intel Mac OS X) AppleWebKit/538.1 (KHTML, like Gecko) PhantomJS/2.0.0 Safari/538.1","webSecurityEnabled":true}
[INFO  - 2016-01-28T16:36:47.164Z] Session [52c25560-c5dd-11e5-b44c-5b12761621e2] - page.customHeaders:  - {}
[INFO  - 2016-01-28T16:36:47.164Z] Session [52c25560-c5dd-11e5-b44c-5b12761621e2] - Session.negotiatedCapabilities - {"browserName":"phantomjs","version":"2.0.0","driverName":"ghostdriver","driverVersion":"1.2.0","platform":"mac-unknown-64bit","javascriptEnabled":true,"takesScreenshot":true,"handlesAlerts":false,"databaseEnabled":false,"locationContextEnabled":false,"applicationCacheEnabled":false,"browserConnectionEnabled":false,"cssSelectorsEnabled":true,"webStorageEnabled":false,"rotatable":false,"acceptSslCerts":false,"nativeEvents":true,"proxy":{"proxyType":"direct"}}
[INFO  - 2016-01-28T16:36:47.164Z] SessionManagerReqHand - _postNewSessionCommand - New Session Created: 52c25560-c5dd-11e5-b44c-5b12761621e2
[INFO  - 2016-01-28T16:36:50.138Z] ShutdownReqHand - _handle - About to shutdown
[INFO  - 2016-01-28T16:37:04.553Z] GhostDriver - Main - running on port 44821
[INFO  - 2016-01-28T16:37:04.882Z] Session [5d5209d0-c5dd-11e5-aeae-6fffb1f3faa3] - page.settings - {"XSSAuditingEnabled":false,"javascriptCanCloseWindows":true,"javascriptCanOpenWindows":true,"javascriptEnabled":true,"loadImages":true,"localToRemoteUrlAccessEnabled":false,"userAgent":"Mozilla/5.0 (Macintosh; Intel Mac OS X) AppleWebKit/538.1 (KHTML, like Gecko) PhantomJS/2.0.0 Safari/538.1","webSecurityEnabled":true}
[INFO  - 2016-01-28T16:37:04.883Z] Session [5d5209d0-c5dd-11e5-aeae-6fffb1f3faa3] - page.customHeaders:  - {}
[INFO  - 2016-01-28T16:37:04.883Z] Session [5d5209d0-c5dd-11e5-aeae-6fffb1f3faa3] - Session.negotiatedCapabilities - {"browserName":"phantomjs","version":"2.0.0","driverName":"ghostdriver","driverVersion":"1.2.0","platform":"mac-unknown-64bit","javascriptEnabled":true,"takesScreenshot":true,"handlesAlerts":false,"databaseEnabled":false,"locationContextEnabled":false,"applicationCacheEnabled":false,"browserConnectionEnabled":false,"cssSelectorsEnabled":true,"webStorageEnabled":false,"rotatable":false,"acceptSslCerts":false,"nativeEvents":true,"proxy":{"proxyType":"direct"}}
[INFO  - 2016-01-28T16:37:04.883Z] SessionManagerReqHand - _postNewSessionCommand - New Session Created: 5d5209d0-c5dd-11e5-aeae-6fffb1f3faa3
[INFO  - 2016-01-28T16:37:07.996Z] ShutdownReqHand - _handle - About to shutdown
[INFO  - 2016-01-28T16:40:12.671Z] GhostDriver - Main - running on port 29950
[INFO  - 2016-01-28T16:40:13.003Z] Session [cd72b840-c5dd-11e5-9d60-85f85d2c4acd] - page.settings - {"XSSAuditingEnabled":false,"javascriptCanCloseWindows":true,"javascriptCanOpenWindows":true,"javascriptEnabled":true,"loadImages":true,"localToRemoteUrlAccessEnabled":false,"userAgent":"Mozilla/5.0 (Macintosh; Intel Mac OS X) AppleWebKit/538.1 (KHTML, like Gecko) PhantomJS/2.0.0 Safari/538.1","webSecurityEnabled":true}
[INFO  - 2016-01-28T16:40:13.004Z] Session [cd72b840-c5dd-11e5-9d60-85f85d2c4acd] - page.customHeaders:  - {}
[INFO  - 2016-01-28T16:40:13.004Z] Session [cd72b840-c5dd-11e5-9d60-85f85d2c4acd] - Session.negotiatedCapabilities - {"browserName":"phantomjs","version":"2.0.0","driverName":"ghostdriver","driverVersion":"1.2.0","platform":"mac-unknown-64bit","javascriptEnabled":true,"takesScreenshot":true,"handlesAlerts":false,"databaseEnabled":false,"locationContextEnabled":false,"applicationCacheEnabled":false,"browserConnectionEnabled":false,"cssSelectorsEnabled":true,"webStorageEnabled":false,"rotatable":false,"acceptSslCerts":false,"nativeEvents":true,"proxy":{"proxyType":"direct"}}
[INFO  - 2016-01-28T16:40:13.004Z] SessionManagerReqHand - _postNewSessionCommand - New Session Created: cd72b840-c5dd-11e5-9d60-85f85d2c4acd
[INFO  - 2016-01-28T16:40:15.287Z] ShutdownReqHand - _handle - About to shutdown
[INFO  - 2016-01-28T16:46:46.697Z] GhostDriver - Main - running on port 9964
[INFO  - 2016-01-28T16:46:47.064Z] Session [b853cf20-c5de-11e5-b1b4-eb3d9bffcc46] - page.settings - {"XSSAuditingEnabled":false,"javascriptCanCloseWindows":true,"javascriptCanOpenWindows":true,"javascriptEnabled":true,"loadImages":true,"localToRemoteUrlAccessEnabled":false,"userAgent":"Mozilla/5.0 (Macintosh; Intel Mac OS X) AppleWebKit/538.1 (KHTML, like Gecko) PhantomJS/2.0.0 Safari/538.1","webSecurityEnabled":true}
[INFO  - 2016-01-28T16:46:47.064Z] Session [b853cf20-c5de-11e5-b1b4-eb3d9bffcc46] - page.customHeaders:  - {}
[INFO  - 2016-01-28T16:46:47.064Z] Session [b853cf20-c5de-11e5-b1b4-eb3d9bffcc46] - Session.negotiatedCapabilities - {"browserName":"phantomjs","version":"2.0.0","driverName":"ghostdriver","driverVersion":"1.2.0","platform":"mac-unknown-64bit","javascriptEnabled":true,"takesScreenshot":true,"handlesAlerts":false,"databaseEnabled":false,"locationContextEnabled":false,"applicationCacheEnabled":false,"browserConnectionEnabled":false,"cssSelectorsEnabled":true,"webStorageEnabled":false,"rotatable":false,"acceptSslCerts":false,"nativeEvents":true,"proxy":{"proxyType":"direct"}}
[INFO  - 2016-01-28T16:46:47.064Z] SessionManagerReqHand - _postNewSessionCommand - New Session Created: b853cf20-c5de-11e5-b1b4-eb3d9bffcc46
[INFO  - 2016-01-28T16:46:49.749Z] ShutdownReqHand - _handle - About to shutdown
[INFO  - 2016-01-28T16:47:29.446Z] GhostDriver - Main - running on port 44319
[INFO  - 2016-01-28T16:47:29.782Z] Session [d1ca0f00-c5de-11e5-9326-d3755d89b240] - page.settings - {"XSSAuditingEnabled":false,"javascriptCanCloseWindows":true,"javascriptCanOpenWindows":true,"javascriptEnabled":true,"loadImages":true,"localToRemoteUrlAccessEnabled":false,"userAgent":"Mozilla/5.0 (Macintosh; Intel Mac OS X) AppleWebKit/538.1 (KHTML, like Gecko) PhantomJS/2.0.0 Safari/538.1","webSecurityEnabled":true}
[INFO  - 2016-01-28T16:47:29.782Z] Session [d1ca0f00-c5de-11e5-9326-d3755d89b240] - page.customHeaders:  - {}
[INFO  - 2016-01-28T16:47:29.783Z] Session [d1ca0f00-c5de-11e5-9326-d3755d89b240] - Session.negotiatedCapabilities - {"browserName":"phantomjs","version":"2.0.0","driverName":"ghostdriver","driverVersion":"1.2.0","platform":"mac-unknown-64bit","javascriptEnabled":true,"takesScreenshot":true,"handlesAlerts":false,"databaseEnabled":false,"locationContextEnabled":false,"applicationCacheEnabled":false,"browserConnectionEnabled":false,"cssSelectorsEnabled":true,"webStorageEnabled":false,"rotatable":false,"acceptSslCerts":false,"nativeEvents":true,"proxy":{"proxyType":"direct"}}
[INFO  - 2016-01-28T16:47:29.783Z] SessionManagerReqHand - _postNewSessionCommand - New Session Created: d1ca0f00-c5de-11e5-9326-d3755d89b240
[INFO  - 2016-01-28T16:47:32.898Z] ShutdownReqHand - _handle - About to shutdown
